<package>
  <name>hrpsys_ros_bridge_test</name>
  <version>0.0.1</version>
  <description> hrpsys_ros_bridge_test </description>
  <maintainer email="k-okada@jsk.t.u-tokyo.ac.jp">Kei Okada</maintainer>

  <license>BSD</license>

  <buildtool_depend>catkin</buildtool_depend>

  <build_depend>hrpsys_tools</build_depend>

  <export>

  </export>
</package>
